{
  "RSpec": {
    "coverage": {
      "/Users/henry2992/Desktop/Proyectos/hope-api/app/controllers/application_controller.rb": [
        1,
        null,
        1,
        1,
        1,
        null,
        1,
        null
      ],
      "/Users/henry2992/Desktop/Proyectos/hope-api/lib/application_responder.rb": [
        1,
        1,
        1,
        null,
        null,
        null,
        null,
        null
      ],
      "/Users/henry2992/Desktop/Proyectos/hope-api/app/helpers/application_helper.rb": [
        1,
        null
      ],
      "/Users/henry2992/Desktop/Proyectos/hope-api/app/models/manager.rb": [
        1,
        null,
        null,
        1,
        null,
        null
      ],
      "/Users/henry2992/Desktop/Proyectos/hope-api/app/models/application_record.rb": [
        1,
        1,
        null
      ],
      "/Users/henry2992/Desktop/Proyectos/hope-api/app/models/customer.rb": [
        1,
        null,
        null,
        1,
        null,
        null,
        null,
        1,
        0,
        null,
        null,
        1,
        null,
        1,
        0,
        0,
        0,
        null,
        0,
        null,
        null
      ],
      "/Users/henry2992/Desktop/Proyectos/hope-api/app/admin/agent.rb": [
        1,
        null,
        null
      ],
      "/Users/henry2992/Desktop/Proyectos/hope-api/app/models/agent.rb": [
        1,
        1,
        null,
        null,
        null,
        1,
        0,
        null,
        null,
        1,
        null,
        1,
        0,
        0,
        0,
        null,
        0,
        null,
        null
      ],
      "/Users/henry2992/Desktop/Proyectos/hope-api/app/admin/customer.rb": [
        1,
        null,
        null
      ],
      "/Users/henry2992/Desktop/Proyectos/hope-api/app/admin/dashboard.rb": [
        1,
        null,
        1,
        null,
        1,
        0,
        0,
        0,
        0,
        null,
        null,
        null,
        null,
        null,
        null,
        null,
        null,
        null,
        null,
        null,
        null,
        null,
        null,
        null,
        null,
        null,
        null,
        null,
        null,
        null,
        null,
        null,
        null
      ],
      "/Users/henry2992/Desktop/Proyectos/hope-api/app/admin/manager.rb": [
        1,
        null,
        null
      ],
      "/Users/henry2992/Desktop/Proyectos/hope-api/app/mailers/agent_mailer.rb": [
        1,
        null
      ],
      "/Users/henry2992/Desktop/Proyectos/hope-api/app/mailers/application_mailer.rb": [
        1,
        1,
        1,
        null
      ],
      "/Users/henry2992/Desktop/Proyectos/hope-api/app/channels/application_cable/channel.rb": [
        0,
        0,
        0,
        0
      ],
      "/Users/henry2992/Desktop/Proyectos/hope-api/app/channels/application_cable/connection.rb": [
        0,
        0,
        0,
        0
      ],
      "/Users/henry2992/Desktop/Proyectos/hope-api/app/controllers/api/v1/agents/passwords_controller.rb": [
        0,
        0,
        null,
        0,
        0,
        0,
        0,
        0,
        0,
        0,
        0,
        0,
        null,
        0,
        0,
        0,
        0,
        0,
        0,
        0,
        0,
        0
      ],
      "/Users/henry2992/Desktop/Proyectos/hope-api/app/controllers/api/v1/agents/registrations_controller.rb": [
        0,
        0,
        0,
        null,
        null,
        0,
        0,
        0,
        0,
        0,
        0,
        0,
        0,
        null,
        0,
        0,
        0,
        0,
        null,
        0,
        0,
        0,
        0,
        0
      ],
      "/Users/henry2992/Desktop/Proyectos/hope-api/app/controllers/api/v1/agents/sessions_controller.rb": [
        0,
        0,
        null,
        0,
        0,
        0,
        0,
        0,
        0,
        0,
        0,
        0,
        0,
        0,
        0,
        0,
        null,
        0,
        0,
        0,
        0,
        0,
        0,
        0,
        0
      ],
      "/Users/henry2992/Desktop/Proyectos/hope-api/app/controllers/api/v1/api_controller.rb": [
        0,
        0,
        0,
        0,
        0,
        null,
        0,
        null,
        0,
        0,
        0,
        0,
        null,
        0,
        0,
        null,
        0,
        0,
        0,
        0,
        0,
        0,
        null,
        0,
        0,
        0,
        null,
        0,
        null,
        0,
        0,
        0,
        0,
        0,
        0,
        0,
        0,
        0,
        null,
        0,
        null,
        null,
        0,
        0,
        0,
        0,
        0,
        null,
        null,
        null,
        null,
        null,
        0,
        null,
        null,
        0,
        0,
        0,
        null,
        0,
        null,
        null,
        0,
        0,
        0,
        null,
        0,
        null,
        null,
        0,
        0,
        0,
        null,
        0,
        null,
        null,
        0,
        0,
        0,
        null,
        0,
        0,
        0,
        null,
        0,
        0,
        0,
        0,
        0,
        0,
        0,
        0,
        0,
        0
      ],
      "/Users/henry2992/Desktop/Proyectos/hope-api/app/controllers/api/v1/customers/passwords_controller.rb": [
        0,
        0,
        null,
        0,
        0,
        0,
        0,
        0,
        0,
        0,
        0,
        0,
        null,
        0,
        0,
        0,
        0,
        0,
        0,
        0,
        0,
        0
      ],
      "/Users/henry2992/Desktop/Proyectos/hope-api/app/controllers/api/v1/customers/registrations_controller.rb": [
        0,
        0,
        0,
        null,
        null,
        0,
        0,
        0,
        0,
        0,
        0,
        0,
        0,
        null,
        0,
        0,
        0,
        0,
        null,
        0,
        0,
        0,
        0,
        0
      ],
      "/Users/henry2992/Desktop/Proyectos/hope-api/app/controllers/api/v1/customers/sessions_controller.rb": [
        0,
        0,
        null,
        null,
        0,
        0,
        0,
        0,
        0,
        0,
        0,
        0,
        0,
        0,
        0,
        0,
        0,
        null,
        0,
        0,
        0,
        0,
        0,
        0,
        0,
        0
      ],
      "/Users/henry2992/Desktop/Proyectos/hope-api/app/controllers/pages_controller.rb": [
        0,
        0,
        0,
        0
      ],
      "/Users/henry2992/Desktop/Proyectos/hope-api/app/jobs/application_job.rb": [
        0,
        0
      ]
    },
    "timestamp": 1521429929
  }
}
