{
  "RSpec": {
    "coverage": {
      "/home/hr/websites/hope-api/app/controllers/application_controller.rb": [
        1,
        1,
        1,
        1,
        1,
        null
      ],
      "/home/hr/websites/hope-api/lib/application_responder.rb": [
        1,
        1,
        1,
        null,
        null,
        null,
        null,
        null
      ],
      "/home/hr/websites/hope-api/app/helpers/application_helper.rb": [
        1,
        null
      ],
      "/home/hr/websites/hope-api/app/models/manager.rb": [
        1,
        null,
        null,
        1,
        null,
        null
      ],
      "/home/hr/websites/hope-api/app/models/application_record.rb": [
        1,
        1,
        null
      ],
      "/home/hr/websites/hope-api/app/models/customer.rb": [
        1,
        1,
        null,
        null,
        1,
        null,
        null
      ],
      "/home/hr/websites/hope-api/app/models/concerns/tokenizable.rb": [
        1,
        1,
        null,
        null,
        1,
        8,
        null,
        null,
        1,
        6,
        6,
        null,
        6,
        null,
        null
      ],
      "/home/hr/websites/hope-api/app/models/agent.rb": [
        1,
        1,
        1,
        null,
        null
      ],
      "/home/hr/websites/hope-api/app/controllers/api/v1/agents/passwords_controller.rb": [
        1,
        1,
        null,
        1,
        2,
        2,
        1,
        1,
        null,
        null,
        1,
        null,
        null,
        null,
        1,
        2,
        2,
        1,
        null,
        null,
        null,
        1,
        null,
        null,
        null
      ],
      "/home/hr/websites/hope-api/app/controllers/api/v1/agents/registrations_controller.rb": [
        1,
        1,
        1,
        null,
        null,
        1,
        2,
        2,
        1,
        null,
        null,
        null,
        null,
        1,
        null,
        null,
        null,
        1,
        null,
        1,
        null,
        2,
        null,
        null,
        null,
        null,
        1,
        3,
        1,
        null,
        null
      ],
      "/home/hr/websites/hope-api/app/controllers/api/v1/agents/sessions_controller.rb": [
        1,
        1,
        1,
        1,
        null,
        1,
        2,
        1,
        1,
        null,
        null,
        0,
        null,
        null,
        null,
        null,
        1,
        null,
        null,
        null,
        1,
        1,
        1,
        null,
        null,
        0,
        null,
        null,
        null,
        null,
        null,
        1,
        null,
        1,
        2,
        null,
        null
      ],
      "/home/hr/websites/hope-api/app/controllers/concerns/serializable.rb": [
        1,
        1,
        null,
        1,
        1,
        null,
        null,
        1,
        1,
        null,
        null
      ],
      "/home/hr/websites/hope-api/app/controllers/api/v1/customers/passwords_controller.rb": [
        1,
        1,
        1,
        null,
        1,
        2,
        2,
        1,
        1,
        null,
        null,
        null,
        1,
        null,
        null,
        null,
        1,
        2,
        2,
        1,
        null,
        null,
        null,
        1,
        null,
        null,
        null,
        null
      ],
      "/home/hr/websites/hope-api/app/controllers/api/v1/customers/registrations_controller.rb": [
        1,
        1,
        1,
        null,
        null,
        1,
        2,
        2,
        1,
        null,
        null,
        null,
        1,
        null,
        null,
        null,
        1,
        null,
        1,
        null,
        2,
        null,
        null,
        null,
        null
      ],
      "/home/hr/websites/hope-api/app/controllers/api/v1/customers/sessions_controller.rb": [
        1,
        1,
        1,
        null,
        1,
        null,
        1,
        2,
        1,
        1,
        null,
        null,
        0,
        null,
        null,
        null,
        null,
        1,
        null,
        null,
        null,
        1,
        1,
        1,
        null,
        null,
        0,
        null,
        null,
        null,
        null,
        null,
        1,
        null,
        1,
        2,
        null,
        null
      ],
      "/home/hr/websites/hope-api/app/controllers/pages_controller.rb": [
        1,
        1,
        null
      ],
      "/home/hr/websites/hope-api/app/mailers/agent_mailer.rb": [
        1,
        null
      ],
      "/home/hr/websites/hope-api/app/mailers/application_mailer.rb": [
        1,
        1,
        1,
        null
      ],
      "/home/hr/websites/hope-api/app/serializers/api/v1/agent_serializer.rb": [
        1,
        1,
        1,
        1,
        1,
        null
      ],
      "/home/hr/websites/hope-api/app/serializers/api/v1/customer_serializer.rb": [
        1,
        1,
        1,
        1,
        1,
        null
      ]
    },
    "timestamp": 1522255813
  }
}
